2026-03-04 11:04:50,006 | INFO | Starting scraper...
2026-03-04 11:04:50,006 | INFO | Scraping page 1 -> https://www.bringo.ma/fr_MA/store/carrefour-hypermarket-carrefour-sidi-maarouf/mon-marche-8
2026-03-04 11:04:51,833 | INFO | Page 1 scraped, products found: 20
2026-03-04 11:04:52,834 | INFO | Scraping page 2 -> https://www.bringo.ma/fr_MA/store/carrefour-hypermarket-carrefour-sidi-maarouf/mon-marche-8?page=2
2026-03-04 11:04:54,692 | INFO | Page 2 scraped, products found: 20
2026-03-04 11:04:55,693 | INFO | Scraping page 3 -> https://www.bringo.ma/fr_MA/store/carrefour-hypermarket-carrefour-sidi-maarouf/mon-marche-8?page=3
2026-03-04 11:04:58,311 | INFO | Page 3 scraped, products found: 20
2026-03-04 11:04:59,312 | INFO | Scraping page 4 -> https://www.bringo.ma/fr_MA/store/carrefour-hypermarket-carrefour-sidi-maarouf/mon-marche-8?page=4
2026-03-04 11:05:01,358 | INFO | Page 4 scraped, products found: 20
2026-03-04 11:05:02,359 | INFO | Scraping page 5 -> https://www.bringo.ma/fr_MA/store/carrefour-hypermarket-carrefour-sidi-maarouf/mon-marche-8?page=5
2026-03-04 11:05:04,441 | INFO | Page 5 scraped, products found: 20
2026-03-04 11:05:05,441 | INFO | Scraping page 6 -> https://www.bringo.ma/fr_MA/store/carrefour-hypermarket-carrefour-sidi-maarouf/mon-marche-8?page=6
2026-03-04 11:05:07,561 | INFO | Page 6 scraped, products found: 20
2026-03-04 11:05:08,562 | INFO | Scraping page 7 -> https://www.bringo.ma/fr_MA/store/carrefour-hypermarket-carrefour-sidi-maarouf/mon-marche-8?page=7
2026-03-04 11:05:10,769 | INFO | Page 7 scraped, products found: 20
2026-03-04 11:05:11,770 | INFO | Scraping page 8 -> https://www.bringo.ma/fr_MA/store/carrefour-hypermarket-carrefour-sidi-maarouf/mon-marche-8?page=8
2026-03-04 11:05:14,380 | INFO | Page 8 scraped, products found: 20
2026-03-04 11:05:15,381 | INFO | Scraping page 9 -> https://www.bringo.ma/fr_MA/store/carrefour-hypermarket-carrefour-sidi-maarouf/mon-marche-8?page=9
2026-03-04 11:05:17,793 | INFO | Page 9 scraped, products found: 20
2026-03-04 11:05:18,794 | INFO | Scraping page 10 -> https://www.bringo.ma/fr_MA/store/carrefour-hypermarket-carrefour-sidi-maarouf/mon-marche-8?page=10
2026-03-04 11:05:21,185 | INFO | Page 10 scraped, products found: 20
2026-03-04 11:05:22,186 | INFO | Scraping page 11 -> https://www.bringo.ma/fr_MA/store/carrefour-hypermarket-carrefour-sidi-maarouf/mon-marche-8?page=11
2026-03-04 11:05:24,355 | INFO | Page 11 scraped, products found: 20
2026-03-04 11:05:25,355 | INFO | Scraping page 12 -> https://www.bringo.ma/fr_MA/store/carrefour-hypermarket-carrefour-sidi-maarouf/mon-marche-8?page=12
2026-03-04 11:05:27,699 | INFO | Page 12 scraped, products found: 20
2026-03-04 11:05:28,700 | INFO | Scraping page 13 -> https://www.bringo.ma/fr_MA/store/carrefour-hypermarket-carrefour-sidi-maarouf/mon-marche-8?page=13
2026-03-04 11:05:31,235 | INFO | Page 13 scraped, products found: 20
2026-03-04 11:05:32,236 | INFO | Scraping page 14 -> https://www.bringo.ma/fr_MA/store/carrefour-hypermarket-carrefour-sidi-maarouf/mon-marche-8?page=14
2026-03-04 11:05:35,491 | INFO | Page 14 scraped, products found: 20
2026-03-04 11:05:36,492 | INFO | Scraping page 15 -> https://www.bringo.ma/fr_MA/store/carrefour-hypermarket-carrefour-sidi-maarouf/mon-marche-8?page=15
2026-03-04 11:05:38,837 | INFO | Page 15 scraped, products found: 20
2026-03-04 11:05:39,839 | INFO | Scraping page 16 -> https://www.bringo.ma/fr_MA/store/carrefour-hypermarket-carrefour-sidi-maarouf/mon-marche-8?page=16
2026-03-04 11:05:42,130 | INFO | Page 16 scraped, products found: 20
2026-03-04 11:05:43,131 | INFO | Scraping page 17 -> https://www.bringo.ma/fr_MA/store/carrefour-hypermarket-carrefour-sidi-maarouf/mon-marche-8?page=17
2026-03-04 11:05:45,610 | INFO | Page 17 scraped, products found: 20
2026-03-04 11:05:46,611 | INFO | Scraping page 18 -> https://www.bringo.ma/fr_MA/store/carrefour-hypermarket-carrefour-sidi-maarouf/mon-marche-8?page=18
2026-03-04 11:05:48,962 | INFO | Page 18 scraped, products found: 20
2026-03-04 11:05:49,963 | INFO | Scraping page 19 -> https://www.bringo.ma/fr_MA/store/carrefour-hypermarket-carrefour-sidi-maarouf/mon-marche-8?page=19
2026-03-04 11:05:52,445 | INFO | Page 19 scraped, products found: 20
2026-03-04 11:05:53,446 | INFO | Scraping page 20 -> https://www.bringo.ma/fr_MA/store/carrefour-hypermarket-carrefour-sidi-maarouf/mon-marche-8?page=20
2026-03-04 11:05:55,712 | INFO | Page 20 scraped, products found: 20
2026-03-04 11:05:56,713 | INFO | Scraping page 21 -> https://www.bringo.ma/fr_MA/store/carrefour-hypermarket-carrefour-sidi-maarouf/mon-marche-8?page=21
2026-03-04 11:05:58,913 | INFO | Page 21 scraped, products found: 20
2026-03-04 11:05:59,914 | INFO | Scraping page 22 -> https://www.bringo.ma/fr_MA/store/carrefour-hypermarket-carrefour-sidi-maarouf/mon-marche-8?page=22
2026-03-04 11:06:02,084 | INFO | Page 22 scraped, products found: 20
2026-03-04 11:06:03,085 | INFO | Scraping page 23 -> https://www.bringo.ma/fr_MA/store/carrefour-hypermarket-carrefour-sidi-maarouf/mon-marche-8?page=23
2026-03-04 11:06:05,499 | INFO | Page 23 scraped, products found: 20
2026-03-04 11:06:06,500 | INFO | Scraping page 24 -> https://www.bringo.ma/fr_MA/store/carrefour-hypermarket-carrefour-sidi-maarouf/mon-marche-8?page=24
2026-03-04 11:06:08,815 | INFO | Page 24 scraped, products found: 20
2026-03-04 11:06:09,816 | INFO | Scraping page 25 -> https://www.bringo.ma/fr_MA/store/carrefour-hypermarket-carrefour-sidi-maarouf/mon-marche-8?page=25
2026-03-04 11:06:12,250 | INFO | Page 25 scraped, products found: 20
2026-03-04 11:06:13,250 | INFO | Scraping page 26 -> https://www.bringo.ma/fr_MA/store/carrefour-hypermarket-carrefour-sidi-maarouf/mon-marche-8?page=26
2026-03-04 11:06:15,471 | INFO | Page 26 scraped, products found: 20
2026-03-04 11:06:16,472 | INFO | Scraping page 27 -> https://www.bringo.ma/fr_MA/store/carrefour-hypermarket-carrefour-sidi-maarouf/mon-marche-8?page=27
2026-03-04 11:06:18,839 | INFO | Page 27 scraped, products found: 20
2026-03-04 11:06:19,840 | INFO | Scraping page 28 -> https://www.bringo.ma/fr_MA/store/carrefour-hypermarket-carrefour-sidi-maarouf/mon-marche-8?page=28
2026-03-04 11:06:22,341 | INFO | Page 28 scraped, products found: 20
2026-03-04 11:06:23,342 | INFO | Scraping page 29 -> https://www.bringo.ma/fr_MA/store/carrefour-hypermarket-carrefour-sidi-maarouf/mon-marche-8?page=29
2026-03-04 11:06:25,633 | INFO | Page 29 scraped, products found: 20
2026-03-04 11:06:26,633 | INFO | Scraping page 30 -> https://www.bringo.ma/fr_MA/store/carrefour-hypermarket-carrefour-sidi-maarouf/mon-marche-8?page=30
2026-03-04 11:06:30,307 | INFO | Page 30 scraped, products found: 20
2026-03-04 11:06:31,308 | INFO | Scraping page 31 -> https://www.bringo.ma/fr_MA/store/carrefour-hypermarket-carrefour-sidi-maarouf/mon-marche-8?page=31
2026-03-04 11:06:33,793 | INFO | Page 31 scraped, products found: 20
2026-03-04 11:06:34,794 | INFO | Scraping page 32 -> https://www.bringo.ma/fr_MA/store/carrefour-hypermarket-carrefour-sidi-maarouf/mon-marche-8?page=32
2026-03-04 11:06:36,959 | INFO | Page 32 scraped, products found: 10
2026-03-04 11:06:37,960 | INFO | Scraping page 33 -> https://www.bringo.ma/fr_MA/store/carrefour-hypermarket-carrefour-sidi-maarouf/mon-marche-8?page=33
2026-03-04 11:06:40,018 | INFO | Page 33 scraped, products found: 10
2026-03-04 11:06:41,019 | INFO | Scraping page 34 -> https://www.bringo.ma/fr_MA/store/carrefour-hypermarket-carrefour-sidi-maarouf/mon-marche-8?page=34
2026-03-04 11:06:42,994 | INFO | Page 34 scraped, products found: 10
2026-03-04 11:06:43,995 | INFO | Scraping page 35 -> https://www.bringo.ma/fr_MA/store/carrefour-hypermarket-carrefour-sidi-maarouf/mon-marche-8?page=35
2026-03-04 11:06:45,697 | INFO | Page 35 scraped, products found: 10
2026-03-04 11:06:46,700 | INFO | Scraping page 36 -> https://www.bringo.ma/fr_MA/store/carrefour-hypermarket-carrefour-sidi-maarouf/mon-marche-8?page=36
2026-03-04 11:06:48,823 | INFO | Page 36 scraped, products found: 10
2026-03-04 11:06:49,824 | INFO | Scraping page 37 -> https://www.bringo.ma/fr_MA/store/carrefour-hypermarket-carrefour-sidi-maarouf/mon-marche-8?page=37
2026-03-04 11:06:51,654 | INFO | Page 37 scraped, products found: 10
2026-03-04 11:06:52,655 | INFO | Scraping page 38 -> https://www.bringo.ma/fr_MA/store/carrefour-hypermarket-carrefour-sidi-maarouf/mon-marche-8?page=38
2026-03-04 11:06:54,865 | INFO | Page 38 scraped, products found: 10
2026-03-04 11:06:55,866 | INFO | Scraping page 39 -> https://www.bringo.ma/fr_MA/store/carrefour-hypermarket-carrefour-sidi-maarouf/mon-marche-8?page=39
2026-03-04 11:06:58,851 | INFO | Page 39 scraped, products found: 10
2026-03-04 11:06:59,852 | INFO | Scraping page 40 -> https://www.bringo.ma/fr_MA/store/carrefour-hypermarket-carrefour-sidi-maarouf/mon-marche-8?page=40
2026-03-04 11:07:02,031 | INFO | Page 40 scraped, products found: 10
2026-03-04 11:07:03,031 | INFO | Scraping page 41 -> https://www.bringo.ma/fr_MA/store/carrefour-hypermarket-carrefour-sidi-maarouf/mon-marche-8?page=41
2026-03-04 11:07:05,038 | INFO | Page 41 scraped, products found: 10
2026-03-04 11:07:06,039 | INFO | Scraping page 42 -> https://www.bringo.ma/fr_MA/store/carrefour-hypermarket-carrefour-sidi-maarouf/mon-marche-8?page=42
2026-03-04 11:07:07,965 | INFO | Page 42 scraped, products found: 10
2026-03-04 11:07:08,966 | INFO | Scraping page 43 -> https://www.bringo.ma/fr_MA/store/carrefour-hypermarket-carrefour-sidi-maarouf/mon-marche-8?page=43
2026-03-04 11:07:11,047 | INFO | Page 43 scraped, products found: 10
2026-03-04 11:07:12,047 | INFO | Scraping page 44 -> https://www.bringo.ma/fr_MA/store/carrefour-hypermarket-carrefour-sidi-maarouf/mon-marche-8?page=44
2026-03-04 11:07:14,204 | INFO | Page 44 scraped, products found: 10
2026-03-04 11:07:15,205 | INFO | Scraping page 45 -> https://www.bringo.ma/fr_MA/store/carrefour-hypermarket-carrefour-sidi-maarouf/mon-marche-8?page=45
2026-03-04 11:07:17,186 | INFO | Page 45 scraped, products found: 10
2026-03-04 11:07:18,187 | INFO | Scraping page 46 -> https://www.bringo.ma/fr_MA/store/carrefour-hypermarket-carrefour-sidi-maarouf/mon-marche-8?page=46
2026-03-04 11:07:20,251 | INFO | Page 46 scraped, products found: 10
2026-03-04 11:07:21,251 | INFO | Scraping page 47 -> https://www.bringo.ma/fr_MA/store/carrefour-hypermarket-carrefour-sidi-maarouf/mon-marche-8?page=47
2026-03-04 11:07:23,186 | INFO | Page 47 scraped, products found: 10
2026-03-04 11:07:24,187 | INFO | Scraping page 48 -> https://www.bringo.ma/fr_MA/store/carrefour-hypermarket-carrefour-sidi-maarouf/mon-marche-8?page=48
2026-03-04 11:10:53,498 | INFO | Starting scraper...
2026-03-04 11:10:53,499 | INFO | Scraping page 1 -> https://www.bringo.ma/fr_MA/store/carrefour-hypermarket-carrefour-sidi-maarouf/mon-marche-8
2026-03-04 11:10:55,244 | INFO | Page 1 scraped, products found: 20
2026-03-04 11:10:56,245 | INFO | Scraping page 2 -> https://www.bringo.ma/fr_MA/store/carrefour-hypermarket-carrefour-sidi-maarouf/mon-marche-8?page=2
2026-03-04 11:10:58,064 | INFO | Page 2 scraped, products found: 20
2026-03-04 11:10:59,065 | INFO | Scraping page 3 -> https://www.bringo.ma/fr_MA/store/carrefour-hypermarket-carrefour-sidi-maarouf/mon-marche-8?page=3
2026-03-04 11:11:00,992 | INFO | Page 3 scraped, products found: 20
2026-03-04 11:11:01,993 | INFO | Scraping page 4 -> https://www.bringo.ma/fr_MA/store/carrefour-hypermarket-carrefour-sidi-maarouf/mon-marche-8?page=4
2026-03-04 11:11:04,225 | INFO | Page 4 scraped, products found: 20
2026-03-04 11:11:05,226 | INFO | Scraping page 5 -> https://www.bringo.ma/fr_MA/store/carrefour-hypermarket-carrefour-sidi-maarouf/mon-marche-8?page=5
2026-03-04 11:11:07,021 | INFO | Page 5 scraped, products found: 20
2026-03-04 11:11:08,022 | INFO | Scraping page 6 -> https://www.bringo.ma/fr_MA/store/carrefour-hypermarket-carrefour-sidi-maarouf/mon-marche-8?page=6
2026-03-04 11:11:09,998 | INFO | Page 6 scraped, products found: 20
2026-03-04 11:11:10,999 | INFO | Scraping page 7 -> https://www.bringo.ma/fr_MA/store/carrefour-hypermarket-carrefour-sidi-maarouf/mon-marche-8?page=7
2026-03-04 11:11:12,776 | INFO | Page 7 scraped, products found: 20
2026-03-04 11:11:13,777 | INFO | Scraping page 8 -> https://www.bringo.ma/fr_MA/store/carrefour-hypermarket-carrefour-sidi-maarouf/mon-marche-8?page=8
2026-03-04 11:11:15,835 | INFO | Page 8 scraped, products found: 20
2026-03-04 11:11:16,836 | INFO | Scraping page 9 -> https://www.bringo.ma/fr_MA/store/carrefour-hypermarket-carrefour-sidi-maarouf/mon-marche-8?page=9
2026-03-04 11:11:18,688 | INFO | Page 9 scraped, products found: 20
2026-03-04 11:11:19,689 | INFO | Scraping page 10 -> https://www.bringo.ma/fr_MA/store/carrefour-hypermarket-carrefour-sidi-maarouf/mon-marche-8?page=10
2026-03-04 11:11:21,217 | INFO | Page 10 scraped, products found: 20
2026-03-04 11:11:22,218 | INFO | Scraping page 11 -> https://www.bringo.ma/fr_MA/store/carrefour-hypermarket-carrefour-sidi-maarouf/mon-marche-8?page=11
2026-03-04 11:11:24,230 | INFO | Page 11 scraped, products found: 20
2026-03-04 11:11:25,231 | INFO | Scraping page 12 -> https://www.bringo.ma/fr_MA/store/carrefour-hypermarket-carrefour-sidi-maarouf/mon-marche-8?page=12
2026-03-04 11:11:27,606 | INFO | Page 12 scraped, products found: 20
2026-03-04 11:11:28,606 | INFO | Scraping page 13 -> https://www.bringo.ma/fr_MA/store/carrefour-hypermarket-carrefour-sidi-maarouf/mon-marche-8?page=13
2026-03-04 11:11:30,540 | INFO | Page 13 scraped, products found: 20
2026-03-04 11:11:31,541 | INFO | Scraping page 14 -> https://www.bringo.ma/fr_MA/store/carrefour-hypermarket-carrefour-sidi-maarouf/mon-marche-8?page=14
2026-03-04 11:11:33,517 | INFO | Page 14 scraped, products found: 20
2026-03-04 11:11:34,518 | INFO | Scraping page 15 -> https://www.bringo.ma/fr_MA/store/carrefour-hypermarket-carrefour-sidi-maarouf/mon-marche-8?page=15
2026-03-04 11:11:36,831 | INFO | Page 15 scraped, products found: 20
2026-03-04 11:11:37,832 | INFO | Scraping page 16 -> https://www.bringo.ma/fr_MA/store/carrefour-hypermarket-carrefour-sidi-maarouf/mon-marche-8?page=16
2026-03-04 11:11:39,785 | INFO | Page 16 scraped, products found: 20
2026-03-04 11:11:40,786 | INFO | Scraping page 17 -> https://www.bringo.ma/fr_MA/store/carrefour-hypermarket-carrefour-sidi-maarouf/mon-marche-8?page=17
2026-03-04 11:11:42,833 | INFO | Page 17 scraped, products found: 20
2026-03-04 11:11:43,834 | INFO | Scraping page 18 -> https://www.bringo.ma/fr_MA/store/carrefour-hypermarket-carrefour-sidi-maarouf/mon-marche-8?page=18
2026-03-04 11:11:46,655 | INFO | Page 18 scraped, products found: 20
2026-03-04 11:11:47,656 | INFO | Scraping page 19 -> https://www.bringo.ma/fr_MA/store/carrefour-hypermarket-carrefour-sidi-maarouf/mon-marche-8?page=19
2026-03-04 11:11:49,181 | INFO | Page 19 scraped, products found: 20
2026-03-04 11:11:50,182 | INFO | Scraping page 20 -> https://www.bringo.ma/fr_MA/store/carrefour-hypermarket-carrefour-sidi-maarouf/mon-marche-8?page=20
2026-03-04 11:11:51,949 | INFO | Page 20 scraped, products found: 20
2026-03-04 11:11:52,950 | INFO | Scraping page 21 -> https://www.bringo.ma/fr_MA/store/carrefour-hypermarket-carrefour-sidi-maarouf/mon-marche-8?page=21
2026-03-04 11:11:54,523 | INFO | Page 21 scraped, products found: 20
2026-03-04 11:11:55,524 | INFO | Scraping page 22 -> https://www.bringo.ma/fr_MA/store/carrefour-hypermarket-carrefour-sidi-maarouf/mon-marche-8?page=22
2026-03-04 11:11:56,963 | INFO | Page 22 scraped, products found: 20
2026-03-04 11:11:57,964 | INFO | Scraping page 23 -> https://www.bringo.ma/fr_MA/store/carrefour-hypermarket-carrefour-sidi-maarouf/mon-marche-8?page=23
2026-03-04 11:11:59,628 | INFO | Page 23 scraped, products found: 20
2026-03-04 11:12:00,629 | INFO | Scraping page 24 -> https://www.bringo.ma/fr_MA/store/carrefour-hypermarket-carrefour-sidi-maarouf/mon-marche-8?page=24
2026-03-04 11:12:02,297 | INFO | Page 24 scraped, products found: 20
2026-03-04 11:12:03,298 | INFO | Scraping page 25 -> https://www.bringo.ma/fr_MA/store/carrefour-hypermarket-carrefour-sidi-maarouf/mon-marche-8?page=25
2026-03-04 11:12:04,924 | INFO | Page 25 scraped, products found: 20
2026-03-04 11:12:05,925 | INFO | Scraping page 26 -> https://www.bringo.ma/fr_MA/store/carrefour-hypermarket-carrefour-sidi-maarouf/mon-marche-8?page=26
2026-03-04 11:12:07,938 | INFO | Page 26 scraped, products found: 20
2026-03-04 11:12:08,939 | INFO | Scraping page 27 -> https://www.bringo.ma/fr_MA/store/carrefour-hypermarket-carrefour-sidi-maarouf/mon-marche-8?page=27
2026-03-04 11:12:10,700 | INFO | Page 27 scraped, products found: 20
2026-03-04 11:12:11,701 | INFO | Scraping page 28 -> https://www.bringo.ma/fr_MA/store/carrefour-hypermarket-carrefour-sidi-maarouf/mon-marche-8?page=28
2026-03-04 11:12:13,288 | INFO | Page 28 scraped, products found: 20
2026-03-04 11:12:14,289 | INFO | Scraping page 29 -> https://www.bringo.ma/fr_MA/store/carrefour-hypermarket-carrefour-sidi-maarouf/mon-marche-8?page=29
2026-03-04 11:12:15,858 | INFO | Page 29 scraped, products found: 20
2026-03-04 11:12:16,859 | INFO | Scraping page 30 -> https://www.bringo.ma/fr_MA/store/carrefour-hypermarket-carrefour-sidi-maarouf/mon-marche-8?page=30
2026-03-04 11:12:18,613 | INFO | Page 30 scraped, products found: 20
2026-03-04 11:12:19,616 | INFO | Scraping page 31 -> https://www.bringo.ma/fr_MA/store/carrefour-hypermarket-carrefour-sidi-maarouf/mon-marche-8?page=31
2026-03-04 11:12:21,368 | INFO | Page 31 scraped, products found: 20
2026-03-04 11:12:22,369 | INFO | Scraping page 32 -> https://www.bringo.ma/fr_MA/store/carrefour-hypermarket-carrefour-sidi-maarouf/mon-marche-8?page=32
2026-03-04 11:12:24,192 | INFO | Page 32 scraped, products found: 10
2026-03-04 11:12:25,193 | INFO | Scraping page 33 -> https://www.bringo.ma/fr_MA/store/carrefour-hypermarket-carrefour-sidi-maarouf/mon-marche-8?page=33
2026-03-04 11:12:26,752 | INFO | Reached last page. No new products on page 33. Stopping scraper.
2026-03-04 11:12:26,768 | INFO | Scraping completed. Total products scraped: 630
2026-03-04 11:12:26,768 | INFO | File saved as: bringo_mon_marche_all_pages.csv
